%!Adobe-FontList 1.14
%Locale:0x409

%BeginFont
Handler:DirectoryHandler
FontType:Type1
FontName:Futura
FamilyName:Futura
StyleName:Medium
MenuName:Futura Medium
StyleBits:0
WeightClass:500
WidthClass:5
AngleClass:0
FullName:Futura Medium
WritingScript:Roman
OutlineFileName:\Futur
DataFormat:POSTResource
UsesStandardEncoding:yes
isCFF:no
FileLength:28261
FileModTime:567224966
DesignSize:-1
%EndFont

%BeginFont
Handler:DirectoryHandler
FontType:Suitcase
FontName:Futura-Bold
OutlineFileName:\Futura
ResourceID:14868
MacStyle:0
FileLength:102569
FileModTime:787573683
%EndFont

%BeginFont
Handler:DirectoryHandler
FontType:Suitcase
FontName:Futura-BoldOblique
OutlineFileName:\Futura
ResourceID:14868
MacStyle:2
FileLength:102569
FileModTime:787573683
%EndFont

%BeginFont
Handler:DirectoryHandler
FontType:Suitcase
FontName:Futura-Book
OutlineFileName:\Futura
ResourceID:14870
MacStyle:0
FileLength:102569
FileModTime:787573683
%EndFont

%BeginFont
Handler:DirectoryHandler
FontType:Suitcase
FontName:Futura-Bold
OutlineFileName:\Futura
ResourceID:14870
MacStyle:1
FileLength:102569
FileModTime:787573683
%EndFont

%BeginFont
Handler:DirectoryHandler
FontType:Suitcase
FontName:Futura-BookOblique
OutlineFileName:\Futura
ResourceID:14870
MacStyle:2
FileLength:102569
FileModTime:787573683
%EndFont

%BeginFont
Handler:DirectoryHandler
FontType:Suitcase
FontName:Futura-BoldOblique
OutlineFileName:\Futura
ResourceID:14870
MacStyle:3
FileLength:102569
FileModTime:787573683
%EndFont

%BeginFont
Handler:DirectoryHandler
FontType:Suitcase
FontName:Futura-BoldOblique
OutlineFileName:\Futura
ResourceID:14867
MacStyle:0
FileLength:102569
FileModTime:787573683
%EndFont

%BeginFont
Handler:DirectoryHandler
FontType:Suitcase
FontName:Futura-BookOblique
OutlineFileName:\Futura
ResourceID:14869
MacStyle:0
FileLength:102569
FileModTime:787573683
%EndFont

%BeginFont
Handler:DirectoryHandler
FontType:Suitcase
FontName:Futura-BoldOblique
OutlineFileName:\Futura
ResourceID:14869
MacStyle:1
FileLength:102569
FileModTime:787573683
%EndFont

%BeginFont
Handler:DirectoryHandler
FontType:Suitcase
FontName:Futura-Condensed
OutlineFileName:\Futura
ResourceID:14828
MacStyle:0
FileLength:102569
FileModTime:787573683
%EndFont

%BeginFont
Handler:DirectoryHandler
FontType:Suitcase
FontName:Futura-CondensedBold
OutlineFileName:\Futura
ResourceID:14828
MacStyle:1
FileLength:102569
FileModTime:787573683
%EndFont

%BeginFont
Handler:DirectoryHandler
FontType:Suitcase
FontName:Futura-CondensedOblique
OutlineFileName:\Futura
ResourceID:14828
MacStyle:2
FileLength:102569
FileModTime:787573683
%EndFont

%BeginFont
Handler:DirectoryHandler
FontType:Suitcase
FontName:Futura-CondensedBoldOblique
OutlineFileName:\Futura
ResourceID:14828
MacStyle:3
FileLength:102569
FileModTime:787573683
%EndFont

%BeginFont
Handler:DirectoryHandler
FontType:Suitcase
FontName:Futura-CondensedBold
OutlineFileName:\Futura
ResourceID:14826
MacStyle:0
FileLength:102569
FileModTime:787573683
%EndFont

%BeginFont
Handler:DirectoryHandler
FontType:Suitcase
FontName:Futura-CondensedBoldOblique
OutlineFileName:\Futura
ResourceID:14826
MacStyle:2
FileLength:102569
FileModTime:787573683
%EndFont

%BeginFont
Handler:DirectoryHandler
FontType:Suitcase
FontName:Futura-CondensedOblique
OutlineFileName:\Futura
ResourceID:14827
MacStyle:0
FileLength:102569
FileModTime:787573683
%EndFont

%BeginFont
Handler:DirectoryHandler
FontType:Suitcase
FontName:Futura-CondensedBoldOblique
OutlineFileName:\Futura
ResourceID:14827
MacStyle:1
FileLength:102569
FileModTime:787573683
%EndFont

%BeginFont
Handler:DirectoryHandler
FontType:Suitcase
FontName:Futura-CondensedBoldOblique
OutlineFileName:\Futura
ResourceID:14825
MacStyle:0
FileLength:102569
FileModTime:787573683
%EndFont

%BeginFont
Handler:DirectoryHandler
FontType:Suitcase
FontName:Futura-CondensedLight
OutlineFileName:\Futura
ResourceID:14830
MacStyle:0
FileLength:102569
FileModTime:787573683
%EndFont

%BeginFont
Handler:DirectoryHandler
FontType:Suitcase
FontName:Futura-CondensedLightOblique
OutlineFileName:\Futura
ResourceID:14830
MacStyle:2
FileLength:102569
FileModTime:787573683
%EndFont

%BeginFont
Handler:DirectoryHandler
FontType:Suitcase
FontName:Futura-CondensedLightOblique
OutlineFileName:\Futura
ResourceID:14829
MacStyle:0
FileLength:102569
FileModTime:787573683
%EndFont

%BeginFont
Handler:DirectoryHandler
FontType:Suitcase
FontName:Futura-CondensedExtraBold
OutlineFileName:\Futura
ResourceID:14824
MacStyle:0
FileLength:102569
FileModTime:787573683
%EndFont

%BeginFont
Handler:DirectoryHandler
FontType:Suitcase
FontName:Futura-CondExtraBoldObl
OutlineFileName:\Futura
ResourceID:14824
MacStyle:2
FileLength:102569
FileModTime:787573683
%EndFont

%BeginFont
Handler:DirectoryHandler
FontType:Suitcase
FontName:Futura-CondExtraBoldObl
OutlineFileName:\Futura
ResourceID:14823
MacStyle:0
FileLength:102569
FileModTime:787573683
%EndFont

%BeginFont
Handler:DirectoryHandler
FontType:Suitcase
FontName:Futura
OutlineFileName:\Futura
ResourceID:14836
MacStyle:0
FileLength:102569
FileModTime:787573683
%EndFont

%BeginFont
Handler:DirectoryHandler
FontType:Suitcase
FontName:Futura-Heavy
OutlineFileName:\Futura
ResourceID:14836
MacStyle:1
FileLength:102569
FileModTime:787573683
%EndFont

%BeginFont
Handler:DirectoryHandler
FontType:Suitcase
FontName:Futura-Oblique
OutlineFileName:\Futura
ResourceID:14836
MacStyle:2
FileLength:102569
FileModTime:787573683
%EndFont

%BeginFont
Handler:DirectoryHandler
FontType:Suitcase
FontName:Futura-HeavyOblique
OutlineFileName:\Futura
ResourceID:14836
MacStyle:3
FileLength:102569
FileModTime:787573683
%EndFont

%BeginFont
Handler:DirectoryHandler
FontType:Suitcase
FontName:Futura-Heavy
OutlineFileName:\Futura
ResourceID:14834
MacStyle:0
FileLength:102569
FileModTime:787573683
%EndFont

%BeginFont
Handler:DirectoryHandler
FontType:Suitcase
FontName:Futura-HeavyOblique
OutlineFileName:\Futura
ResourceID:14834
MacStyle:2
FileLength:102569
FileModTime:787573683
%EndFont

%BeginFont
Handler:DirectoryHandler
FontType:Suitcase
FontName:Futura-Oblique
OutlineFileName:\Futura
ResourceID:14835
MacStyle:0
FileLength:102569
FileModTime:787573683
%EndFont

%BeginFont
Handler:DirectoryHandler
FontType:Suitcase
FontName:Futura-HeavyOblique
OutlineFileName:\Futura
ResourceID:14835
MacStyle:1
FileLength:102569
FileModTime:787573683
%EndFont

%BeginFont
Handler:DirectoryHandler
FontType:Suitcase
FontName:Futura-HeavyOblique
OutlineFileName:\Futura
ResourceID:14833
MacStyle:0
FileLength:102569
FileModTime:787573683
%EndFont

%BeginFont
Handler:DirectoryHandler
FontType:Suitcase
FontName:Futura-Light
OutlineFileName:\Futura
ResourceID:14872
MacStyle:0
FileLength:102569
FileModTime:787573683
%EndFont

%BeginFont
Handler:DirectoryHandler
FontType:Suitcase
FontName:Futura-LightOblique
OutlineFileName:\Futura
ResourceID:14872
MacStyle:2
FileLength:102569
FileModTime:787573683
%EndFont

%BeginFont
Handler:DirectoryHandler
FontType:Suitcase
FontName:Futura-LightOblique
OutlineFileName:\Futura
ResourceID:14871
MacStyle:0
FileLength:102569
FileModTime:787573683
%EndFont

%BeginFont
Handler:DirectoryHandler
FontType:Suitcase
FontName:Futura-ExtraBold
OutlineFileName:\Futura
ResourceID:14832
MacStyle:0
FileLength:102569
FileModTime:787573683
%EndFont

%BeginFont
Handler:DirectoryHandler
FontType:Suitcase
FontName:Futura-ExtraBoldOblique
OutlineFileName:\Futura
ResourceID:14832
MacStyle:2
FileLength:102569
FileModTime:787573683
%EndFont

%BeginFont
Handler:DirectoryHandler
FontType:Suitcase
FontName:Futura-ExtraBoldOblique
OutlineFileName:\Futura
ResourceID:14831
MacStyle:0
FileLength:102569
FileModTime:787573683
%EndFont

%BeginFont
Handler:DirectoryHandler
FontType:Type1
FontName:Futura-Book
FamilyName:Futura
StyleName:Book
MenuName:Futura Book
StyleBits:0
WeightClass:400
WidthClass:5
AngleClass:0
FullName:Futura Book
WritingScript:Roman
OutlineFileName:\FuturBoo
DataFormat:POSTResource
UsesStandardEncoding:yes
isCFF:no
FileLength:27834
FileModTime:559272309
DesignSize:-1
%EndFont

%BeginFont
Handler:DirectoryHandler
FontType:Type1
FontName:Futura-BookOblique
FamilyName:Futura
StyleName:Book Oblique
MenuName:Futura Book
StyleBits:1
WeightClass:400
WidthClass:5
AngleClass:1
FullName:Futura Book Oblique
WritingScript:Roman
OutlineFileName:\FuturBooObl
DataFormat:POSTResource
UsesStandardEncoding:yes
isCFF:no
FileLength:36781
FileModTime:559272341
DesignSize:-1
%EndFont

%BeginFont
Handler:DirectoryHandler
FontType:Type1
FontName:Futura-Heavy
FamilyName:Futura
StyleName:Heavy
MenuName:Futura Medium
StyleBits:2
WeightClass:850
WidthClass:5
AngleClass:0
FullName:Futura Heavy
WritingScript:Roman
OutlineFileName:\FuturHea
DataFormat:POSTResource
UsesStandardEncoding:yes
isCFF:no
FileLength:29272
FileModTime:567228606
DesignSize:-1
%EndFont

%BeginFont
Handler:DirectoryHandler
FontType:TrueType
FontName:Times-Roman
FamilyName:Times
StyleName:Regular
MenuName:Times
StyleBits:0
WeightClass:400
WidthClass:5
AngleClass:0
FullName:Times Roman
WritingScript:Roman
OutlineFileName:\Times.dfont
DataFormat:sfntResource
ResourceID:13494
FileLength:1743667
FileModTime:1342931075
%EndFont

%BeginFont
Handler:DirectoryHandler
FontType:TrueType
FontName:Times-Bold
FamilyName:Times
StyleName:Bold
MenuName:Times
StyleBits:2
WeightClass:700
WidthClass:5
AngleClass:0
FullName:Times Bold
WritingScript:Roman
OutlineFileName:\Times.dfont
DataFormat:sfntResource
ResourceID:16697
FileLength:1743667
FileModTime:1342931075
%EndFont

%BeginFont
Handler:DirectoryHandler
FontType:TrueType
FontName:Times-Italic
FamilyName:Times
StyleName:Italic
MenuName:Times
StyleBits:1
WeightClass:400
WidthClass:5
AngleClass:1
FullName:Times Italic
WritingScript:Roman
OutlineFileName:\Times.dfont
DataFormat:sfntResource
ResourceID:21585
FileLength:1743667
FileModTime:1342931075
%EndFont

%BeginFont
Handler:DirectoryHandler
FontType:TrueType
FontName:Times-BoldItalic
FamilyName:Times
StyleName:Bold Italic
MenuName:Times
StyleBits:3
WeightClass:700
WidthClass:5
AngleClass:1
FullName:Times Bold Italic
WritingScript:Roman
OutlineFileName:\Times.dfont
DataFormat:sfntResource
ResourceID:22219
FileLength:1743667
FileModTime:1342931075
%EndFont

%BeginFont
Handler:DirectoryHandler
FontType:Suitcase
FontName:Times-Roman
OutlineFileName:\Times.dfont
ResourceID:20
MacStyle:0
FileLength:1743667
FileModTime:1342931075
%EndFont

%BeginFont
Handler:DirectoryHandler
FontType:Suitcase
FontName:Times-Bold
OutlineFileName:\Times.dfont
ResourceID:20
MacStyle:1
FileLength:1743667
FileModTime:1342931075
%EndFont

%BeginFont
Handler:DirectoryHandler
FontType:Suitcase
FontName:Times-Italic
OutlineFileName:\Times.dfont
ResourceID:20
MacStyle:2
FileLength:1743667
FileModTime:1342931075
%EndFont

%BeginFont
Handler:DirectoryHandler
FontType:Suitcase
FontName:Times-BoldItalic
OutlineFileName:\Times.dfont
ResourceID:20
MacStyle:3
FileLength:1743667
FileModTime:1342931075
%EndFont

